Start testing: Jul 20 22:56 IST
----------------------------------------------------------
12/38 Testing: Quantizer quantize/dequantize MSE within expected bounds
12/38 Test: Quantizer quantize/dequantize MSE within expected bounds
Command: "/mnt/e/Researches/AdaptQ/adapTQ/build_wsl/test_packing" "Quantizer quantize/dequantize MSE within expected bounds"
Directory: /mnt/e/Researches/AdaptQ/adapTQ/build_wsl
"Quantizer quantize/dequantize MSE within expected bounds" start time: Jul 20 22:56 IST
Output:
----------------------------------------------------------
Filters: "Quantizer quantize/dequantize MSE within expected bounds"
Randomness seeded to: 3323275954
===============================================================================
All tests passed (3 assertions in 1 test case)

<end of output>
Test time =   0.01 sec
----------------------------------------------------------
Test Passed.
"Quantizer quantize/dequantize MSE within expected bounds" end time: Jul 20 22:56 IST
"Quantizer quantize/dequantize MSE within expected bounds" time elapsed: 00:00:00
----------------------------------------------------------

10/38 Testing: 3-bit pack/unpack round-trip (padded must be mult of 8)
10/38 Test: 3-bit pack/unpack round-trip (padded must be mult of 8)
Command: "/mnt/e/Researches/AdaptQ/adapTQ/build_wsl/test_packing" "3-bit pack/unpack round-trip (padded must be mult of 8)"
Directory: /mnt/e/Researches/AdaptQ/adapTQ/build_wsl
"3-bit pack/unpack round-trip (padded must be mult of 8)" start time: Jul 20 22:56 IST
Output:
----------------------------------------------------------
Filters: "3-bit pack/unpack round-trip (padded must be mult of 8)"
Randomness seeded to: 930509750
===============================================================================
All tests passed (7 assertions in 1 test case)

<end of output>
Test time =   0.08 sec
----------------------------------------------------------
Test Passed.
"3-bit pack/unpack round-trip (padded must be mult of 8)" end time: Jul 20 22:56 IST
"3-bit pack/unpack round-trip (padded must be mult of 8)" time elapsed: 00:00:00
----------------------------------------------------------

22/38 Testing: adaptq_create returns non-null handle
22/38 Test: adaptq_create returns non-null handle
Command: "/mnt/e/Researches/AdaptQ/adapTQ/build_wsl/test_api" "adaptq_create returns non-null handle"
Directory: /mnt/e/Researches/AdaptQ/adapTQ/build_wsl
"adaptq_create returns non-null handle" start time: Jul 20 22:56 IST
Output:
----------------------------------------------------------
Filters: "adaptq_create returns non-null handle"
Randomness seeded to: 3611507349
===============================================================================
All tests passed (1 assertion in 1 test case)

<end of output>
Test time =   0.12 sec
----------------------------------------------------------
Test Passed.
"adaptq_create returns non-null handle" end time: Jul 20 22:56 IST
"adaptq_create returns non-null handle" time elapsed: 00:00:00
----------------------------------------------------------

11/38 Testing: Unpacked indices are in [0, 2^bits-1]
11/38 Test: Unpacked indices are in [0, 2^bits-1]
Command: "/mnt/e/Researches/AdaptQ/adapTQ/build_wsl/test_packing" "Unpacked indices are in \[0\, 2^bits-1\]"
Directory: /mnt/e/Researches/AdaptQ/adapTQ/build_wsl
"Unpacked indices are in [0, 2^bits-1]" start time: Jul 20 22:56 IST
Output:
----------------------------------------------------------
Filters: "Unpacked indices are in \[0\, 2^bits-1\]"
Randomness seeded to: 3306591140
===============================================================================
All tests passed (384 assertions in 1 test case)

<end of output>
Test time =   0.16 sec
----------------------------------------------------------
Test Passed.
"Unpacked indices are in [0, 2^bits-1]" end time: Jul 20 22:56 IST
"Unpacked indices are in [0, 2^bits-1]" time elapsed: 00:00:00
----------------------------------------------------------

20/38 Testing: Contract: ContiguousSlabStorage
20/38 Test: Contract: ContiguousSlabStorage
Command: "/mnt/e/Researches/AdaptQ/adapTQ/build_wsl/test_storage" "Contract: ContiguousSlabStorage"
Directory: /mnt/e/Researches/AdaptQ/adapTQ/build_wsl
"Contract: ContiguousSlabStorage" start time: Jul 20 22:56 IST
Output:
----------------------------------------------------------
Filters: "Contract: ContiguousSlabStorage"
Randomness seeded to: 1997442994
===============================================================================
All tests passed (67 assertions in 1 test case)

<end of output>
Test time =   0.09 sec
----------------------------------------------------------
Test Passed.
"Contract: ContiguousSlabStorage" end time: Jul 20 22:56 IST
"Contract: ContiguousSlabStorage" time elapsed: 00:00:00
----------------------------------------------------------

27/38 Testing: adaptq_compute output is non-zero after append
27/38 Test: adaptq_compute output is non-zero after append
Command: "/mnt/e/Researches/AdaptQ/adapTQ/build_wsl/test_api" "adaptq_compute output is non-zero after append"
Directory: /mnt/e/Researches/AdaptQ/adapTQ/build_wsl
"adaptq_compute output is non-zero after append" start time: Jul 20 22:56 IST
Output:
----------------------------------------------------------
Filters: "adaptq_compute output is non-zero after append"
Randomness seeded to: 2098987970
===============================================================================
All tests passed (1 assertion in 1 test case)

<end of output>
Test time =   0.12 sec
----------------------------------------------------------
Test Passed.
"adaptq_compute output is non-zero after append" end time: Jul 20 22:56 IST
"adaptq_compute output is non-zero after append" time elapsed: 00:00:00
----------------------------------------------------------

5/38 Testing: FWHT round-trip MSE < 1e-10 for common head dims
5/38 Test: FWHT round-trip MSE < 1e-10 for common head dims
Command: "/mnt/e/Researches/AdaptQ/adapTQ/build_wsl/test_fwht" "FWHT round-trip MSE < 1e-10 for common head dims"
Directory: /mnt/e/Researches/AdaptQ/adapTQ/build_wsl
"FWHT round-trip MSE < 1e-10 for common head dims" start time: Jul 20 22:56 IST
Output:
----------------------------------------------------------
Filters: "FWHT round-trip MSE < 1e-10 for common head dims"
Randomness seeded to: 3110270379
===============================================================================
All tests passed (14 assertions in 1 test case)

<end of output>
Test time =   0.10 sec
----------------------------------------------------------
Test Passed.
"FWHT round-trip MSE < 1e-10 for common head dims" end time: Jul 20 22:56 IST
"FWHT round-trip MSE < 1e-10 for common head dims" time elapsed: 00:00:00
----------------------------------------------------------

23/38 Testing: adaptq_last_error is empty after successful create
23/38 Test: adaptq_last_error is empty after successful create
Command: "/mnt/e/Researches/AdaptQ/adapTQ/build_wsl/test_api" "adaptq_last_error is empty after successful create"
Directory: /mnt/e/Researches/AdaptQ/adapTQ/build_wsl
"adaptq_last_error is empty after successful create" start time: Jul 20 22:56 IST
Output:
----------------------------------------------------------
Filters: "adaptq_last_error is empty after successful create"
Randomness seeded to: 648044953
===============================================================================
All tests passed (2 assertions in 1 test case)

<end of output>
Test time =   0.13 sec
----------------------------------------------------------
Test Passed.
"adaptq_last_error is empty after successful create" end time: Jul 20 22:56 IST
"adaptq_last_error is empty after successful create" time elapsed: 00:00:00
----------------------------------------------------------

24/38 Testing: adaptq_kv_bytes is 0 before any append
24/38 Test: adaptq_kv_bytes is 0 before any append
Command: "/mnt/e/Researches/AdaptQ/adapTQ/build_wsl/test_api" "adaptq_kv_bytes is 0 before any append"
Directory: /mnt/e/Researches/AdaptQ/adapTQ/build_wsl
"adaptq_kv_bytes is 0 before any append" start time: Jul 20 22:56 IST
Output:
----------------------------------------------------------
Filters: "adaptq_kv_bytes is 0 before any append"
Randomness seeded to: 531152487
===============================================================================
All tests passed (1 assertion in 1 test case)

<end of output>
Test time =   0.10 sec
----------------------------------------------------------
Test Passed.
"adaptq_kv_bytes is 0 before any append" end time: Jul 20 22:56 IST
"adaptq_kv_bytes is 0 before any append" time elapsed: 00:00:00
----------------------------------------------------------

37/38 Testing: FPPassthroughStrategy conformance
37/38 Test: FPPassthroughStrategy conformance
Command: "/mnt/e/Researches/AdaptQ/adapTQ/build_wsl/test_conformance" "FPPassthroughStrategy conformance"
Directory: /mnt/e/Researches/AdaptQ/adapTQ/build_wsl
"FPPassthroughStrategy conformance" start time: Jul 20 22:56 IST
Output:
----------------------------------------------------------
Filters: "FPPassthroughStrategy conformance"
Randomness seeded to: 808160109
===============================================================================
All tests passed (20 assertions in 1 test case)

<end of output>
Test time =   0.14 sec
----------------------------------------------------------
Test Passed.
"FPPassthroughStrategy conformance" end time: Jul 20 22:56 IST
"FPPassthroughStrategy conformance" time elapsed: 00:00:00
----------------------------------------------------------

32/38 Testing: adaptq_mha_append: out-of-range head_idx sets error
32/38 Test: adaptq_mha_append: out-of-range head_idx sets error
Command: "/mnt/e/Researches/AdaptQ/adapTQ/build_wsl/test_api" "adaptq_mha_append: out-of-range head_idx sets error"
Directory: /mnt/e/Researches/AdaptQ/adapTQ/build_wsl
"adaptq_mha_append: out-of-range head_idx sets error" start time: Jul 20 22:56 IST
Output:
----------------------------------------------------------
Filters: "adaptq_mha_append: out-of-range head_idx sets error"
Randomness seeded to: 869523471
===============================================================================
All tests passed (1 assertion in 1 test case)

<end of output>
Test time =   0.12 sec
----------------------------------------------------------
Test Passed.
"adaptq_mha_append: out-of-range head_idx sets error" end time: Jul 20 22:56 IST
"adaptq_mha_append: out-of-range head_idx sets error" time elapsed: 00:00:00
----------------------------------------------------------

16/38 Testing: ContiguousSlabStorage: bytes_used tracks written data
16/38 Test: ContiguousSlabStorage: bytes_used tracks written data
Command: "/mnt/e/Researches/AdaptQ/adapTQ/build_wsl/test_storage" "ContiguousSlabStorage: bytes_used tracks written data"
Directory: /mnt/e/Researches/AdaptQ/adapTQ/build_wsl
"ContiguousSlabStorage: bytes_used tracks written data" start time: Jul 20 22:56 IST
Output:
----------------------------------------------------------
Filters: "ContiguousSlabStorage: bytes_used tracks written data"
Randomness seeded to: 1606194392
===============================================================================
All tests passed (5 assertions in 1 test case)

<end of output>
Test time =   0.15 sec
----------------------------------------------------------
Test Passed.
"ContiguousSlabStorage: bytes_used tracks written data" end time: Jul 20 22:56 IST
"ContiguousSlabStorage: bytes_used tracks written data" time elapsed: 00:00:00
----------------------------------------------------------

31/38 Testing: adaptq_mha_append + compute basic contract
31/38 Test: adaptq_mha_append + compute basic contract
Command: "/mnt/e/Researches/AdaptQ/adapTQ/build_wsl/test_api" "adaptq_mha_append + compute basic contract"
Directory: /mnt/e/Researches/AdaptQ/adapTQ/build_wsl
"adaptq_mha_append + compute basic contract" start time: Jul 20 22:56 IST
Output:
----------------------------------------------------------
Filters: "adaptq_mha_append + compute basic contract"
Randomness seeded to: 1264068507
===============================================================================
All tests passed (4 assertions in 1 test case)

<end of output>
Test time =   0.11 sec
----------------------------------------------------------
Test Passed.
"adaptq_mha_append + compute basic contract" end time: Jul 20 22:56 IST
"adaptq_mha_append + compute basic contract" time elapsed: 00:00:00
----------------------------------------------------------

9/38 Testing: 2-bit pack/unpack round-trip
9/38 Test: 2-bit pack/unpack round-trip
Command: "/mnt/e/Researches/AdaptQ/adapTQ/build_wsl/test_packing" "2-bit pack/unpack round-trip"
Directory: /mnt/e/Researches/AdaptQ/adapTQ/build_wsl
"2-bit pack/unpack round-trip" start time: Jul 20 22:56 IST
Output:
----------------------------------------------------------
Filters: "2-bit pack/unpack round-trip"
Randomness seeded to: 3904572695
===============================================================================
All tests passed (6 assertions in 1 test case)

<end of output>
Test time =   0.14 sec
----------------------------------------------------------
Test Passed.
"2-bit pack/unpack round-trip" end time: Jul 20 22:56 IST
"2-bit pack/unpack round-trip" time elapsed: 00:00:00
----------------------------------------------------------

1/38 Testing: next_pow2 returns correct values
1/38 Test: next_pow2 returns correct values
Command: "/mnt/e/Researches/AdaptQ/adapTQ/build_wsl/test_fwht" "next_pow2 returns correct values"
Directory: /mnt/e/Researches/AdaptQ/adapTQ/build_wsl
"next_pow2 returns correct values" start time: Jul 20 22:56 IST
Output:
----------------------------------------------------------
Filters: "next_pow2 returns correct values"
Randomness seeded to: 3492533218
===============================================================================
All tests passed (10 assertions in 1 test case)

<end of output>
Test time =   0.11 sec
----------------------------------------------------------
Test Passed.
"next_pow2 returns correct values" end time: Jul 20 22:56 IST
"next_pow2 returns correct values" time elapsed: 00:00:00
----------------------------------------------------------

4/38 Testing: gen_rademacher differs across seeds
4/38 Test: gen_rademacher differs across seeds
Command: "/mnt/e/Researches/AdaptQ/adapTQ/build_wsl/test_fwht" "gen_rademacher differs across seeds"
Directory: /mnt/e/Researches/AdaptQ/adapTQ/build_wsl
"gen_rademacher differs across seeds" start time: Jul 20 22:56 IST
Output:
----------------------------------------------------------
Filters: "gen_rademacher differs across seeds"
Randomness seeded to: 3157093383
===============================================================================
All tests passed (1 assertion in 1 test case)

<end of output>
Test time =   0.15 sec
----------------------------------------------------------
Test Passed.
"gen_rademacher differs across seeds" end time: Jul 20 22:56 IST
"gen_rademacher differs across seeds" time elapsed: 00:00:00
----------------------------------------------------------

18/38 Testing: SegmentedSlabStorage: multiple format_tags are independent
18/38 Test: SegmentedSlabStorage: multiple format_tags are independent
Command: "/mnt/e/Researches/AdaptQ/adapTQ/build_wsl/test_storage" "SegmentedSlabStorage: multiple format_tags are independent"
Directory: /mnt/e/Researches/AdaptQ/adapTQ/build_wsl
"SegmentedSlabStorage: multiple format_tags are independent" start time: Jul 20 22:56 IST
Output:
----------------------------------------------------------
Filters: "SegmentedSlabStorage: multiple format_tags are independent"
Randomness seeded to: 839290626
===============================================================================
All tests passed (7 assertions in 1 test case)

<end of output>
Test time =   0.11 sec
----------------------------------------------------------
Test Passed.
"SegmentedSlabStorage: multiple format_tags are independent" end time: Jul 20 22:56 IST
"SegmentedSlabStorage: multiple format_tags are independent" time elapsed: 00:00:00
----------------------------------------------------------

26/38 Testing: adaptq_compute returns active token count
26/38 Test: adaptq_compute returns active token count
Command: "/mnt/e/Researches/AdaptQ/adapTQ/build_wsl/test_api" "adaptq_compute returns active token count"
Directory: /mnt/e/Researches/AdaptQ/adapTQ/build_wsl
"adaptq_compute returns active token count" start time: Jul 20 22:56 IST
Output:
----------------------------------------------------------
Filters: "adaptq_compute returns active token count"
Randomness seeded to: 2544546359
===============================================================================
All tests passed (1 assertion in 1 test case)

<end of output>
Test time =   0.15 sec
----------------------------------------------------------
Test Passed.
"adaptq_compute returns active token count" end time: Jul 20 22:56 IST
"adaptq_compute returns active token count" time elapsed: 00:00:00
----------------------------------------------------------

38/38 Testing: HARFixedStrategy conformance
38/38 Test: HARFixedStrategy conformance
Command: "/mnt/e/Researches/AdaptQ/adapTQ/build_wsl/test_conformance" "HARFixedStrategy conformance"
Directory: /mnt/e/Researches/AdaptQ/adapTQ/build_wsl
"HARFixedStrategy conformance" start time: Jul 20 22:56 IST
Output:
----------------------------------------------------------
Filters: "HARFixedStrategy conformance"
Randomness seeded to: 4178508936
===============================================================================
All tests passed (20 assertions in 1 test case)

<end of output>
Test time =   0.11 sec
----------------------------------------------------------
Test Passed.
"HARFixedStrategy conformance" end time: Jul 20 22:56 IST
"HARFixedStrategy conformance" time elapsed: 00:00:00
----------------------------------------------------------

8/38 Testing: 4-bit pack/unpack round-trip
8/38 Test: 4-bit pack/unpack round-trip
Command: "/mnt/e/Researches/AdaptQ/adapTQ/build_wsl/test_packing" "4-bit pack/unpack round-trip"
Directory: /mnt/e/Researches/AdaptQ/adapTQ/build_wsl
"4-bit pack/unpack round-trip" start time: Jul 20 22:56 IST
Output:
----------------------------------------------------------
Filters: "4-bit pack/unpack round-trip"
Randomness seeded to: 1421620959
===============================================================================
All tests passed (6 assertions in 1 test case)

<end of output>
Test time =   0.16 sec
----------------------------------------------------------
Test Passed.
"4-bit pack/unpack round-trip" end time: Jul 20 22:56 IST
"4-bit pack/unpack round-trip" time elapsed: 00:00:00
----------------------------------------------------------

33/38 Testing: adaptq_mha_compute: out-of-range head_idx returns -1
33/38 Test: adaptq_mha_compute: out-of-range head_idx returns -1
Command: "/mnt/e/Researches/AdaptQ/adapTQ/build_wsl/test_api" "adaptq_mha_compute: out-of-range head_idx returns -1"
Directory: /mnt/e/Researches/AdaptQ/adapTQ/build_wsl
"adaptq_mha_compute: out-of-range head_idx returns -1" start time: Jul 20 22:56 IST
Output:
----------------------------------------------------------
Filters: "adaptq_mha_compute: out-of-range head_idx returns -1"
Randomness seeded to: 180377995
===============================================================================
All tests passed (2 assertions in 1 test case)

<end of output>
Test time =   0.12 sec
----------------------------------------------------------
Test Passed.
"adaptq_mha_compute: out-of-range head_idx returns -1" end time: Jul 20 22:56 IST
"adaptq_mha_compute: out-of-range head_idx returns -1" time elapsed: 00:00:00
----------------------------------------------------------

3/38 Testing: gen_rademacher is seed-deterministic
3/38 Test: gen_rademacher is seed-deterministic
Command: "/mnt/e/Researches/AdaptQ/adapTQ/build_wsl/test_fwht" "gen_rademacher is seed-deterministic"
Directory: /mnt/e/Researches/AdaptQ/adapTQ/build_wsl
"gen_rademacher is seed-deterministic" start time: Jul 20 22:56 IST
Output:
----------------------------------------------------------
Filters: "gen_rademacher is seed-deterministic"
Randomness seeded to: 1073716934
===============================================================================
All tests passed (1 assertion in 1 test case)

<end of output>
Test time =   0.16 sec
----------------------------------------------------------
Test Passed.
"gen_rademacher is seed-deterministic" end time: Jul 20 22:56 IST
"gen_rademacher is seed-deterministic" time elapsed: 00:00:00
----------------------------------------------------------

28/38 Testing: adaptq_compute on empty cache returns 0
28/38 Test: adaptq_compute on empty cache returns 0
Command: "/mnt/e/Researches/AdaptQ/adapTQ/build_wsl/test_api" "adaptq_compute on empty cache returns 0"
Directory: /mnt/e/Researches/AdaptQ/adapTQ/build_wsl
"adaptq_compute on empty cache returns 0" start time: Jul 20 22:56 IST
Output:
----------------------------------------------------------
Filters: "adaptq_compute on empty cache returns 0"
Randomness seeded to: 1581961188
===============================================================================
All tests passed (1 assertion in 1 test case)

<end of output>
Test time =   0.10 sec
----------------------------------------------------------
Test Passed.
"adaptq_compute on empty cache returns 0" end time: Jul 20 22:56 IST
"adaptq_compute on empty cache returns 0" time elapsed: 00:00:00
----------------------------------------------------------

30/38 Testing: adaptq_mha_create / destroy
30/38 Test: adaptq_mha_create / destroy
Command: "/mnt/e/Researches/AdaptQ/adapTQ/build_wsl/test_api" "adaptq_mha_create / destroy"
Directory: /mnt/e/Researches/AdaptQ/adapTQ/build_wsl
"adaptq_mha_create / destroy" start time: Jul 20 22:56 IST
Output:
----------------------------------------------------------
Filters: "adaptq_mha_create / destroy"
Randomness seeded to: 2539548196
===============================================================================
All tests passed (1 assertion in 1 test case)

<end of output>
Test time =   0.15 sec
----------------------------------------------------------
Test Passed.
"adaptq_mha_create / destroy" end time: Jul 20 22:56 IST
"adaptq_mha_create / destroy" time elapsed: 00:00:00
----------------------------------------------------------

2/38 Testing: gen_rademacher produces only +/-1
2/38 Test: gen_rademacher produces only +/-1
Command: "/mnt/e/Researches/AdaptQ/adapTQ/build_wsl/test_fwht" "gen_rademacher produces only +/-1"
Directory: /mnt/e/Researches/AdaptQ/adapTQ/build_wsl
"gen_rademacher produces only +/-1" start time: Jul 20 22:56 IST
Output:
----------------------------------------------------------
Filters: "gen_rademacher produces only +/-1"
Randomness seeded to: 3836233919
===============================================================================
All tests passed (256 assertions in 1 test case)

<end of output>
Test time =   0.11 sec
----------------------------------------------------------
Test Passed.
"gen_rademacher produces only +/-1" end time: Jul 20 22:56 IST
"gen_rademacher produces only +/-1" time elapsed: 00:00:00
----------------------------------------------------------

19/38 Testing: SegmentedSlabStorage: reset clears all slabs
19/38 Test: SegmentedSlabStorage: reset clears all slabs
Command: "/mnt/e/Researches/AdaptQ/adapTQ/build_wsl/test_storage" "SegmentedSlabStorage: reset clears all slabs"
Directory: /mnt/e/Researches/AdaptQ/adapTQ/build_wsl
"SegmentedSlabStorage: reset clears all slabs" start time: Jul 20 22:56 IST
Output:
----------------------------------------------------------
Filters: "SegmentedSlabStorage: reset clears all slabs"
Randomness seeded to: 2174517284
===============================================================================
All tests passed (2 assertions in 1 test case)

<end of output>
Test time =   0.16 sec
----------------------------------------------------------
Test Passed.
"SegmentedSlabStorage: reset clears all slabs" end time: Jul 20 22:56 IST
"SegmentedSlabStorage: reset clears all slabs" time elapsed: 00:00:00
----------------------------------------------------------

17/38 Testing: SegmentedSlabStorage: write/read round-trip single tag
17/38 Test: SegmentedSlabStorage: write/read round-trip single tag
Command: "/mnt/e/Researches/AdaptQ/adapTQ/build_wsl/test_storage" "SegmentedSlabStorage: write/read round-trip single tag"
Directory: /mnt/e/Researches/AdaptQ/adapTQ/build_wsl
"SegmentedSlabStorage: write/read round-trip single tag" start time: Jul 20 22:56 IST
Output:
----------------------------------------------------------
Filters: "SegmentedSlabStorage: write/read round-trip single tag"
Randomness seeded to: 2765131073
===============================================================================
All tests passed (24 assertions in 1 test case)

<end of output>
Test time =   0.12 sec
----------------------------------------------------------
Test Passed.
"SegmentedSlabStorage: write/read round-trip single tag" end time: Jul 20 22:56 IST
"SegmentedSlabStorage: write/read round-trip single tag" time elapsed: 00:00:00
----------------------------------------------------------

25/38 Testing: adaptq_append increases kv_bytes
25/38 Test: adaptq_append increases kv_bytes
Command: "/mnt/e/Researches/AdaptQ/adapTQ/build_wsl/test_api" "adaptq_append increases kv_bytes"
Directory: /mnt/e/Researches/AdaptQ/adapTQ/build_wsl
"adaptq_append increases kv_bytes" start time: Jul 20 22:56 IST
Output:
----------------------------------------------------------
Filters: "adaptq_append increases kv_bytes"
Randomness seeded to: 1863296207
===============================================================================
All tests passed (1 assertion in 1 test case)

<end of output>
Test time =   0.16 sec
----------------------------------------------------------
Test Passed.
"adaptq_append increases kv_bytes" end time: Jul 20 22:56 IST
"adaptq_append increases kv_bytes" time elapsed: 00:00:00
----------------------------------------------------------

15/38 Testing: ContiguousSlabStorage: reset zeroes size
15/38 Test: ContiguousSlabStorage: reset zeroes size
Command: "/mnt/e/Researches/AdaptQ/adapTQ/build_wsl/test_storage" "ContiguousSlabStorage: reset zeroes size"
Directory: /mnt/e/Researches/AdaptQ/adapTQ/build_wsl
"ContiguousSlabStorage: reset zeroes size" start time: Jul 20 22:56 IST
Output:
----------------------------------------------------------
Filters: "ContiguousSlabStorage: reset zeroes size"
Randomness seeded to: 339152745
===============================================================================
All tests passed (3 assertions in 1 test case)

<end of output>
Test time =   0.12 sec
----------------------------------------------------------
Test Passed.
"ContiguousSlabStorage: reset zeroes size" end time: Jul 20 22:56 IST
"ContiguousSlabStorage: reset zeroes size" time elapsed: 00:00:00
----------------------------------------------------------

7/38 Testing: FWHT is linear: forward(a+b) == forward(a)+forward(b)
7/38 Test: FWHT is linear: forward(a+b) == forward(a)+forward(b)
Command: "/mnt/e/Researches/AdaptQ/adapTQ/build_wsl/test_fwht" "FWHT is linear: forward(a+b) == forward(a)+forward(b)"
Directory: /mnt/e/Researches/AdaptQ/adapTQ/build_wsl
"FWHT is linear: forward(a+b) == forward(a)+forward(b)" start time: Jul 20 22:56 IST
Output:
----------------------------------------------------------
Filters: "FWHT is linear: forward(a+b) == forward(a)+forward(b)"
Randomness seeded to: 2062866795
===============================================================================
All tests passed (1 assertion in 1 test case)

<end of output>
Test time =   0.16 sec
----------------------------------------------------------
Test Passed.
"FWHT is linear: forward(a+b) == forward(a)+forward(b)" end time: Jul 20 22:56 IST
"FWHT is linear: forward(a+b) == forward(a)+forward(b)" time elapsed: 00:00:00
----------------------------------------------------------

29/38 Testing: adaptq_reset zeroes cache
29/38 Test: adaptq_reset zeroes cache
Command: "/mnt/e/Researches/AdaptQ/adapTQ/build_wsl/test_api" "adaptq_reset zeroes cache"
Directory: /mnt/e/Researches/AdaptQ/adapTQ/build_wsl
"adaptq_reset zeroes cache" start time: Jul 20 22:56 IST
Output:
----------------------------------------------------------
Filters: "adaptq_reset zeroes cache"
Randomness seeded to: 1081004390
===============================================================================
All tests passed (2 assertions in 1 test case)

<end of output>
Test time =   0.09 sec
----------------------------------------------------------
Test Passed.
"adaptq_reset zeroes cache" end time: Jul 20 22:56 IST
"adaptq_reset zeroes cache" time elapsed: 00:00:00
----------------------------------------------------------

14/38 Testing: ContiguousSlabStorage: ring eviction at capacity
14/38 Test: ContiguousSlabStorage: ring eviction at capacity
Command: "/mnt/e/Researches/AdaptQ/adapTQ/build_wsl/test_storage" "ContiguousSlabStorage: ring eviction at capacity"
Directory: /mnt/e/Researches/AdaptQ/adapTQ/build_wsl
"ContiguousSlabStorage: ring eviction at capacity" start time: Jul 20 22:56 IST
Output:
----------------------------------------------------------
Filters: "ContiguousSlabStorage: ring eviction at capacity"
Randomness seeded to: 3057806570
===============================================================================
All tests passed (3 assertions in 1 test case)

<end of output>
Test time =   0.13 sec
----------------------------------------------------------
Test Passed.
"ContiguousSlabStorage: ring eviction at capacity" end time: Jul 20 22:56 IST
"ContiguousSlabStorage: ring eviction at capacity" time elapsed: 00:00:00
----------------------------------------------------------

34/38 Testing: adaptq_mha_reset clears all heads
34/38 Test: adaptq_mha_reset clears all heads
Command: "/mnt/e/Researches/AdaptQ/adapTQ/build_wsl/test_api" "adaptq_mha_reset clears all heads"
Directory: /mnt/e/Researches/AdaptQ/adapTQ/build_wsl
"adaptq_mha_reset clears all heads" start time: Jul 20 22:56 IST
Output:
----------------------------------------------------------
Filters: "adaptq_mha_reset clears all heads"
Randomness seeded to: 655544384
===============================================================================
All tests passed (2 assertions in 1 test case)

<end of output>
Test time =   0.11 sec
----------------------------------------------------------
Test Passed.
"adaptq_mha_reset clears all heads" end time: Jul 20 22:56 IST
"adaptq_mha_reset clears all heads" time elapsed: 00:00:00
----------------------------------------------------------

36/38 Testing: adaptq_features returns valid bitmask
36/38 Test: adaptq_features returns valid bitmask
Command: "/mnt/e/Researches/AdaptQ/adapTQ/build_wsl/test_api" "adaptq_features returns valid bitmask"
Directory: /mnt/e/Researches/AdaptQ/adapTQ/build_wsl
"adaptq_features returns valid bitmask" start time: Jul 20 22:56 IST
Output:
----------------------------------------------------------
Filters: "adaptq_features returns valid bitmask"
Randomness seeded to: 1612347989
===============================================================================
All tests passed (2 assertions in 1 test case)

<end of output>
Test time =   0.14 sec
----------------------------------------------------------
Test Passed.
"adaptq_features returns valid bitmask" end time: Jul 20 22:56 IST
"adaptq_features returns valid bitmask" time elapsed: 00:00:00
----------------------------------------------------------

21/38 Testing: Contract: SegmentedSlabStorage
21/38 Test: Contract: SegmentedSlabStorage
Command: "/mnt/e/Researches/AdaptQ/adapTQ/build_wsl/test_storage" "Contract: SegmentedSlabStorage"
Directory: /mnt/e/Researches/AdaptQ/adapTQ/build_wsl
"Contract: SegmentedSlabStorage" start time: Jul 20 22:56 IST
Output:
----------------------------------------------------------
Filters: "Contract: SegmentedSlabStorage"
Randomness seeded to: 1192720674
===============================================================================
All tests passed (67 assertions in 1 test case)

<end of output>
Test time =   0.11 sec
----------------------------------------------------------
Test Passed.
"Contract: SegmentedSlabStorage" end time: Jul 20 22:56 IST
"Contract: SegmentedSlabStorage" time elapsed: 00:00:00
----------------------------------------------------------

13/38 Testing: ContiguousSlabStorage: write/read round-trip
13/38 Test: ContiguousSlabStorage: write/read round-trip
Command: "/mnt/e/Researches/AdaptQ/adapTQ/build_wsl/test_storage" "ContiguousSlabStorage: write/read round-trip"
Directory: /mnt/e/Researches/AdaptQ/adapTQ/build_wsl
"ContiguousSlabStorage: write/read round-trip" start time: Jul 20 22:56 IST
Output:
----------------------------------------------------------
Filters: "ContiguousSlabStorage: write/read round-trip"
Randomness seeded to: 2425093963
===============================================================================
All tests passed (32 assertions in 1 test case)

<end of output>
Test time =   0.14 sec
----------------------------------------------------------
Test Passed.
"ContiguousSlabStorage: write/read round-trip" end time: Jul 20 22:56 IST
"ContiguousSlabStorage: write/read round-trip" time elapsed: 00:00:00
----------------------------------------------------------

6/38 Testing: FWHT round-trip for non-power-of-2 dims (padding path)
6/38 Test: FWHT round-trip for non-power-of-2 dims (padding path)
Command: "/mnt/e/Researches/AdaptQ/adapTQ/build_wsl/test_fwht" "FWHT round-trip for non-power-of-2 dims (padding path)"
Directory: /mnt/e/Researches/AdaptQ/adapTQ/build_wsl
"FWHT round-trip for non-power-of-2 dims (padding path)" start time: Jul 20 22:56 IST
Output:
----------------------------------------------------------
Filters: "FWHT round-trip for non-power-of-2 dims (padding path)"
Randomness seeded to: 2897915886
===============================================================================
All tests passed (8 assertions in 1 test case)

<end of output>
Test time =   0.10 sec
----------------------------------------------------------
Test Passed.
"FWHT round-trip for non-power-of-2 dims (padding path)" end time: Jul 20 22:56 IST
"FWHT round-trip for non-power-of-2 dims (padding path)" time elapsed: 00:00:00
----------------------------------------------------------

35/38 Testing: adaptq_version returns non-empty string
35/38 Test: adaptq_version returns non-empty string
Command: "/mnt/e/Researches/AdaptQ/adapTQ/build_wsl/test_api" "adaptq_version returns non-empty string"
Directory: /mnt/e/Researches/AdaptQ/adapTQ/build_wsl
"adaptq_version returns non-empty string" start time: Jul 20 22:56 IST
Output:
----------------------------------------------------------
Filters: "adaptq_version returns non-empty string"
Randomness seeded to: 261792220
===============================================================================
All tests passed (2 assertions in 1 test case)

<end of output>
Test time =   0.15 sec
----------------------------------------------------------
Test Passed.
"adaptq_version returns non-empty string" end time: Jul 20 22:56 IST
"adaptq_version returns non-empty string" time elapsed: 00:00:00
----------------------------------------------------------

End testing: Jul 20 22:56 IST
